CRITICAL - 2022-04-05 14:33:23 --> syntax error, unexpected token ";"
#0 C:\xampp\htdocs\todolist\system\View\View.php(213): CodeIgniter\View\View->CodeIgniter\View\{closure}()
#1 C:\xampp\htdocs\todolist\system\Common.php(1089): CodeIgniter\View\View->render('structure-page/...', Array, true)
#2 C:\xampp\htdocs\todolist\app\Controllers\Home.php(11): view('structure-page/...')
#3 C:\xampp\htdocs\todolist\system\CodeIgniter.php(832): App\Controllers\Home->index()
#4 C:\xampp\htdocs\todolist\system\CodeIgniter.php(419): CodeIgniter\CodeIgniter->runController(Object(App\Controllers\Home))
#5 C:\xampp\htdocs\todolist\system\CodeIgniter.php(326): CodeIgniter\CodeIgniter->handleRequest(NULL, Object(Config\Cache), false)
#6 C:\xampp\htdocs\todolist\public\index.php(37): CodeIgniter\CodeIgniter->run()
#7 {main}
CRITICAL - 2022-04-05 14:33:23 --> syntax error, unexpected token ";"
#0 C:\xampp\htdocs\todolist\system\View\View.php(213): CodeIgniter\View\View->CodeIgniter\View\{closure}()
#1 C:\xampp\htdocs\todolist\system\Common.php(1089): CodeIgniter\View\View->render('structure-page/...', Array, true)
#2 C:\xampp\htdocs\todolist\app\Controllers\Home.php(11): view('structure-page/...')
#3 C:\xampp\htdocs\todolist\system\CodeIgniter.php(832): App\Controllers\Home->index()
#4 C:\xampp\htdocs\todolist\system\CodeIgniter.php(419): CodeIgniter\CodeIgniter->runController(Object(App\Controllers\Home))
#5 C:\xampp\htdocs\todolist\system\CodeIgniter.php(326): CodeIgniter\CodeIgniter->handleRequest(NULL, Object(Config\Cache), false)
#6 C:\xampp\htdocs\todolist\public\index.php(37): CodeIgniter\CodeIgniter->run()
#7 {main}
CRITICAL - 2022-04-05 14:33:24 --> syntax error, unexpected token ";"
#0 C:\xampp\htdocs\todolist\system\View\View.php(213): CodeIgniter\View\View->CodeIgniter\View\{closure}()
#1 C:\xampp\htdocs\todolist\system\Common.php(1089): CodeIgniter\View\View->render('structure-page/...', Array, true)
#2 C:\xampp\htdocs\todolist\app\Controllers\Home.php(11): view('structure-page/...')
#3 C:\xampp\htdocs\todolist\system\CodeIgniter.php(832): App\Controllers\Home->index()
#4 C:\xampp\htdocs\todolist\system\CodeIgniter.php(419): CodeIgniter\CodeIgniter->runController(Object(App\Controllers\Home))
#5 C:\xampp\htdocs\todolist\system\CodeIgniter.php(326): CodeIgniter\CodeIgniter->handleRequest(NULL, Object(Config\Cache), false)
#6 C:\xampp\htdocs\todolist\public\index.php(37): CodeIgniter\CodeIgniter->run()
#7 {main}
