CRITICAL - 2022-08-24 18:45:51 --> Call to undefined method App\Models\Users\UsersModel::auth_verify
#0 C:\xampp\htdocs\ToDoListSystem-CodeIgniter4\app\Controllers\Login.php(32): CodeIgniter\Model->__call('auth_verify', Array)
#1 C:\xampp\htdocs\ToDoListSystem-CodeIgniter4\system\CodeIgniter.php(832): App\Controllers\Login->auth()
#2 C:\xampp\htdocs\ToDoListSystem-CodeIgniter4\system\CodeIgniter.php(419): CodeIgniter\CodeIgniter->runController(Object(App\Controllers\Login))
#3 C:\xampp\htdocs\ToDoListSystem-CodeIgniter4\system\CodeIgniter.php(326): CodeIgniter\CodeIgniter->handleRequest(NULL, Object(Config\Cache), false)
#4 C:\xampp\htdocs\ToDoListSystem-CodeIgniter4\public\index.php(37): CodeIgniter\CodeIgniter->run()
#5 {main}
CRITICAL - 2022-08-24 18:47:47 --> Call to undefined method App\Models\Users\UsersModel::auth_verify
#0 C:\xampp\htdocs\ToDoListSystem-CodeIgniter4\app\Controllers\Login.php(32): CodeIgniter\Model->__call('auth_verify', Array)
#1 C:\xampp\htdocs\ToDoListSystem-CodeIgniter4\system\CodeIgniter.php(832): App\Controllers\Login->auth()
#2 C:\xampp\htdocs\ToDoListSystem-CodeIgniter4\system\CodeIgniter.php(419): CodeIgniter\CodeIgniter->runController(Object(App\Controllers\Login))
#3 C:\xampp\htdocs\ToDoListSystem-CodeIgniter4\system\CodeIgniter.php(326): CodeIgniter\CodeIgniter->handleRequest(NULL, Object(Config\Cache), false)
#4 C:\xampp\htdocs\ToDoListSystem-CodeIgniter4\public\index.php(37): CodeIgniter\CodeIgniter->run()
#5 {main}
CRITICAL - 2022-08-24 18:57:34 --> Undefined variable $session
#0 C:\xampp\htdocs\ToDoListSystem-CodeIgniter4\app\Controllers\Login.php(34): CodeIgniter\Debug\Exceptions->errorHandler(2, 'Undefined varia...', 'C:\\xampp\\htdocs...', 34)
#1 C:\xampp\htdocs\ToDoListSystem-CodeIgniter4\system\CodeIgniter.php(832): App\Controllers\Login->auth()
#2 C:\xampp\htdocs\ToDoListSystem-CodeIgniter4\system\CodeIgniter.php(419): CodeIgniter\CodeIgniter->runController(Object(App\Controllers\Login))
#3 C:\xampp\htdocs\ToDoListSystem-CodeIgniter4\system\CodeIgniter.php(326): CodeIgniter\CodeIgniter->handleRequest(NULL, Object(Config\Cache), false)
#4 C:\xampp\htdocs\ToDoListSystem-CodeIgniter4\public\index.php(37): CodeIgniter\CodeIgniter->run()
#5 {main}
CRITICAL - 2022-08-24 18:57:47 --> Undefined constant "App\Controllers\this"
#0 C:\xampp\htdocs\ToDoListSystem-CodeIgniter4\system\CodeIgniter.php(832): App\Controllers\Login->auth()
#1 C:\xampp\htdocs\ToDoListSystem-CodeIgniter4\system\CodeIgniter.php(419): CodeIgniter\CodeIgniter->runController(Object(App\Controllers\Login))
#2 C:\xampp\htdocs\ToDoListSystem-CodeIgniter4\system\CodeIgniter.php(326): CodeIgniter\CodeIgniter->handleRequest(NULL, Object(Config\Cache), false)
#3 C:\xampp\htdocs\ToDoListSystem-CodeIgniter4\public\index.php(37): CodeIgniter\CodeIgniter->run()
#4 {main}
CRITICAL - 2022-08-24 19:01:17 --> Call to undefined method App\Models\Users\UsersModel::set_session
#0 C:\xampp\htdocs\ToDoListSystem-CodeIgniter4\app\Models\Users\UsersModel.php(53): CodeIgniter\Model->__call('set_session', Array)
#1 C:\xampp\htdocs\ToDoListSystem-CodeIgniter4\app\Controllers\Login.php(31): App\Models\Users\UsersModel->auth_verify(Array, Array)
#2 C:\xampp\htdocs\ToDoListSystem-CodeIgniter4\system\CodeIgniter.php(832): App\Controllers\Login->auth()
#3 C:\xampp\htdocs\ToDoListSystem-CodeIgniter4\system\CodeIgniter.php(419): CodeIgniter\CodeIgniter->runController(Object(App\Controllers\Login))
#4 C:\xampp\htdocs\ToDoListSystem-CodeIgniter4\system\CodeIgniter.php(326): CodeIgniter\CodeIgniter->handleRequest(NULL, Object(Config\Cache), false)
#5 C:\xampp\htdocs\ToDoListSystem-CodeIgniter4\public\index.php(37): CodeIgniter\CodeIgniter->run()
#6 {main}
CRITICAL - 2022-08-24 20:04:43 --> session_destroy(): Trying to destroy uninitialized session
#0 [internal function]: CodeIgniter\Debug\Exceptions->errorHandler(2, 'session_destroy...', 'C:\\xampp\\htdocs...', 423)
#1 C:\xampp\htdocs\ToDoListSystem-CodeIgniter4\system\Session\Session.php(423): session_destroy()
#2 C:\xampp\htdocs\ToDoListSystem-CodeIgniter4\app\Libraries\AuthVerify.php(45): CodeIgniter\Session\Session->destroy()
#3 C:\xampp\htdocs\ToDoListSystem-CodeIgniter4\app\Libraries\AuthVerify.php(91): App\Libraries\AuthVerify->deslogar()
#4 C:\xampp\htdocs\ToDoListSystem-CodeIgniter4\app\Controllers\BaseController.php(55): App\Libraries\AuthVerify->verify_login()
#5 C:\xampp\htdocs\ToDoListSystem-CodeIgniter4\system\CodeIgniter.php(810): App\Controllers\BaseController->initController(Object(CodeIgniter\HTTP\IncomingRequest), Object(CodeIgniter\HTTP\Response), Object(CodeIgniter\Log\Logger))
#6 C:\xampp\htdocs\ToDoListSystem-CodeIgniter4\system\CodeIgniter.php(410): CodeIgniter\CodeIgniter->createController()
#7 C:\xampp\htdocs\ToDoListSystem-CodeIgniter4\system\CodeIgniter.php(326): CodeIgniter\CodeIgniter->handleRequest(NULL, Object(Config\Cache), false)
#8 C:\xampp\htdocs\ToDoListSystem-CodeIgniter4\public\index.php(37): CodeIgniter\CodeIgniter->run()
#9 {main}
CRITICAL - 2022-08-24 20:04:55 --> session_destroy(): Trying to destroy uninitialized session
#0 [internal function]: CodeIgniter\Debug\Exceptions->errorHandler(2, 'session_destroy...', 'C:\\xampp\\htdocs...', 423)
#1 C:\xampp\htdocs\ToDoListSystem-CodeIgniter4\system\Session\Session.php(423): session_destroy()
#2 C:\xampp\htdocs\ToDoListSystem-CodeIgniter4\app\Libraries\AuthVerify.php(45): CodeIgniter\Session\Session->destroy()
#3 C:\xampp\htdocs\ToDoListSystem-CodeIgniter4\app\Libraries\AuthVerify.php(91): App\Libraries\AuthVerify->deslogar()
#4 C:\xampp\htdocs\ToDoListSystem-CodeIgniter4\app\Controllers\BaseController.php(55): App\Libraries\AuthVerify->verify_login()
#5 C:\xampp\htdocs\ToDoListSystem-CodeIgniter4\system\CodeIgniter.php(810): App\Controllers\BaseController->initController(Object(CodeIgniter\HTTP\IncomingRequest), Object(CodeIgniter\HTTP\Response), Object(CodeIgniter\Log\Logger))
#6 C:\xampp\htdocs\ToDoListSystem-CodeIgniter4\system\CodeIgniter.php(410): CodeIgniter\CodeIgniter->createController()
#7 C:\xampp\htdocs\ToDoListSystem-CodeIgniter4\system\CodeIgniter.php(326): CodeIgniter\CodeIgniter->handleRequest(NULL, Object(Config\Cache), false)
#8 C:\xampp\htdocs\ToDoListSystem-CodeIgniter4\public\index.php(37): CodeIgniter\CodeIgniter->run()
#9 {main}
CRITICAL - 2022-08-24 20:04:57 --> session_destroy(): Trying to destroy uninitialized session
#0 [internal function]: CodeIgniter\Debug\Exceptions->errorHandler(2, 'session_destroy...', 'C:\\xampp\\htdocs...', 423)
#1 C:\xampp\htdocs\ToDoListSystem-CodeIgniter4\system\Session\Session.php(423): session_destroy()
#2 C:\xampp\htdocs\ToDoListSystem-CodeIgniter4\app\Libraries\AuthVerify.php(45): CodeIgniter\Session\Session->destroy()
#3 C:\xampp\htdocs\ToDoListSystem-CodeIgniter4\app\Libraries\AuthVerify.php(91): App\Libraries\AuthVerify->deslogar()
#4 C:\xampp\htdocs\ToDoListSystem-CodeIgniter4\app\Controllers\BaseController.php(55): App\Libraries\AuthVerify->verify_login()
#5 C:\xampp\htdocs\ToDoListSystem-CodeIgniter4\system\CodeIgniter.php(810): App\Controllers\BaseController->initController(Object(CodeIgniter\HTTP\IncomingRequest), Object(CodeIgniter\HTTP\Response), Object(CodeIgniter\Log\Logger))
#6 C:\xampp\htdocs\ToDoListSystem-CodeIgniter4\system\CodeIgniter.php(410): CodeIgniter\CodeIgniter->createController()
#7 C:\xampp\htdocs\ToDoListSystem-CodeIgniter4\system\CodeIgniter.php(326): CodeIgniter\CodeIgniter->handleRequest(NULL, Object(Config\Cache), false)
#8 C:\xampp\htdocs\ToDoListSystem-CodeIgniter4\public\index.php(37): CodeIgniter\CodeIgniter->run()
#9 {main}
CRITICAL - 2022-08-24 20:04:57 --> session_destroy(): Trying to destroy uninitialized session
#0 [internal function]: CodeIgniter\Debug\Exceptions->errorHandler(2, 'session_destroy...', 'C:\\xampp\\htdocs...', 423)
#1 C:\xampp\htdocs\ToDoListSystem-CodeIgniter4\system\Session\Session.php(423): session_destroy()
#2 C:\xampp\htdocs\ToDoListSystem-CodeIgniter4\app\Libraries\AuthVerify.php(45): CodeIgniter\Session\Session->destroy()
#3 C:\xampp\htdocs\ToDoListSystem-CodeIgniter4\app\Libraries\AuthVerify.php(91): App\Libraries\AuthVerify->deslogar()
#4 C:\xampp\htdocs\ToDoListSystem-CodeIgniter4\app\Controllers\BaseController.php(55): App\Libraries\AuthVerify->verify_login()
#5 C:\xampp\htdocs\ToDoListSystem-CodeIgniter4\system\CodeIgniter.php(810): App\Controllers\BaseController->initController(Object(CodeIgniter\HTTP\IncomingRequest), Object(CodeIgniter\HTTP\Response), Object(CodeIgniter\Log\Logger))
#6 C:\xampp\htdocs\ToDoListSystem-CodeIgniter4\system\CodeIgniter.php(410): CodeIgniter\CodeIgniter->createController()
#7 C:\xampp\htdocs\ToDoListSystem-CodeIgniter4\system\CodeIgniter.php(326): CodeIgniter\CodeIgniter->handleRequest(NULL, Object(Config\Cache), false)
#8 C:\xampp\htdocs\ToDoListSystem-CodeIgniter4\public\index.php(37): CodeIgniter\CodeIgniter->run()
#9 {main}
CRITICAL - 2022-08-24 20:09:20 -->  route cannot be found while reverse-routing.
#0 C:\xampp\htdocs\ToDoListSystem-CodeIgniter4\system\HTTP\RedirectResponse.php(56): CodeIgniter\HTTP\Exceptions\HTTPException::forInvalidRedirectRoute('')
#1 C:\xampp\htdocs\ToDoListSystem-CodeIgniter4\system\Common.php(832): CodeIgniter\HTTP\RedirectResponse->route(false)
#2 C:\xampp\htdocs\ToDoListSystem-CodeIgniter4\app\Libraries\AuthVerify.php(48): redirect('/login')
#3 C:\xampp\htdocs\ToDoListSystem-CodeIgniter4\app\Libraries\AuthVerify.php(93): App\Libraries\AuthVerify->deslogar()
#4 C:\xampp\htdocs\ToDoListSystem-CodeIgniter4\app\Controllers\BaseController.php(55): App\Libraries\AuthVerify->verify_login()
#5 C:\xampp\htdocs\ToDoListSystem-CodeIgniter4\system\CodeIgniter.php(810): App\Controllers\BaseController->initController(Object(CodeIgniter\HTTP\IncomingRequest), Object(CodeIgniter\HTTP\Response), Object(CodeIgniter\Log\Logger))
#6 C:\xampp\htdocs\ToDoListSystem-CodeIgniter4\system\CodeIgniter.php(410): CodeIgniter\CodeIgniter->createController()
#7 C:\xampp\htdocs\ToDoListSystem-CodeIgniter4\system\CodeIgniter.php(326): CodeIgniter\CodeIgniter->handleRequest(NULL, Object(Config\Cache), false)
#8 C:\xampp\htdocs\ToDoListSystem-CodeIgniter4\public\index.php(37): CodeIgniter\CodeIgniter->run()
#9 {main}
CRITICAL - 2022-08-24 20:10:01 -->  route cannot be found while reverse-routing.
#0 C:\xampp\htdocs\ToDoListSystem-CodeIgniter4\system\HTTP\RedirectResponse.php(56): CodeIgniter\HTTP\Exceptions\HTTPException::forInvalidRedirectRoute('')
#1 C:\xampp\htdocs\ToDoListSystem-CodeIgniter4\system\Common.php(832): CodeIgniter\HTTP\RedirectResponse->route(false)
#2 C:\xampp\htdocs\ToDoListSystem-CodeIgniter4\app\Libraries\AuthVerify.php(48): redirect('http://local.to...')
#3 C:\xampp\htdocs\ToDoListSystem-CodeIgniter4\app\Libraries\AuthVerify.php(93): App\Libraries\AuthVerify->deslogar()
#4 C:\xampp\htdocs\ToDoListSystem-CodeIgniter4\app\Controllers\BaseController.php(55): App\Libraries\AuthVerify->verify_login()
#5 C:\xampp\htdocs\ToDoListSystem-CodeIgniter4\system\CodeIgniter.php(810): App\Controllers\BaseController->initController(Object(CodeIgniter\HTTP\IncomingRequest), Object(CodeIgniter\HTTP\Response), Object(CodeIgniter\Log\Logger))
#6 C:\xampp\htdocs\ToDoListSystem-CodeIgniter4\system\CodeIgniter.php(410): CodeIgniter\CodeIgniter->createController()
#7 C:\xampp\htdocs\ToDoListSystem-CodeIgniter4\system\CodeIgniter.php(326): CodeIgniter\CodeIgniter->handleRequest(NULL, Object(Config\Cache), false)
#8 C:\xampp\htdocs\ToDoListSystem-CodeIgniter4\public\index.php(37): CodeIgniter\CodeIgniter->run()
#9 {main}
CRITICAL - 2022-08-24 20:10:56 -->  route cannot be found while reverse-routing.
#0 C:\xampp\htdocs\ToDoListSystem-CodeIgniter4\system\HTTP\RedirectResponse.php(56): CodeIgniter\HTTP\Exceptions\HTTPException::forInvalidRedirectRoute('')
#1 C:\xampp\htdocs\ToDoListSystem-CodeIgniter4\system\Common.php(832): CodeIgniter\HTTP\RedirectResponse->route(false)
#2 C:\xampp\htdocs\ToDoListSystem-CodeIgniter4\app\Libraries\AuthVerify.php(48): redirect('http://local.to...')
#3 C:\xampp\htdocs\ToDoListSystem-CodeIgniter4\app\Libraries\AuthVerify.php(93): App\Libraries\AuthVerify->deslogar()
#4 C:\xampp\htdocs\ToDoListSystem-CodeIgniter4\app\Controllers\BaseController.php(55): App\Libraries\AuthVerify->verify_login()
#5 C:\xampp\htdocs\ToDoListSystem-CodeIgniter4\system\CodeIgniter.php(810): App\Controllers\BaseController->initController(Object(CodeIgniter\HTTP\IncomingRequest), Object(CodeIgniter\HTTP\Response), Object(CodeIgniter\Log\Logger))
#6 C:\xampp\htdocs\ToDoListSystem-CodeIgniter4\system\CodeIgniter.php(410): CodeIgniter\CodeIgniter->createController()
#7 C:\xampp\htdocs\ToDoListSystem-CodeIgniter4\system\CodeIgniter.php(326): CodeIgniter\CodeIgniter->handleRequest(NULL, Object(Config\Cache), false)
#8 C:\xampp\htdocs\ToDoListSystem-CodeIgniter4\public\index.php(37): CodeIgniter\CodeIgniter->run()
#9 {main}
CRITICAL - 2022-08-24 20:10:57 -->  route cannot be found while reverse-routing.
#0 C:\xampp\htdocs\ToDoListSystem-CodeIgniter4\system\HTTP\RedirectResponse.php(56): CodeIgniter\HTTP\Exceptions\HTTPException::forInvalidRedirectRoute('')
#1 C:\xampp\htdocs\ToDoListSystem-CodeIgniter4\system\Common.php(832): CodeIgniter\HTTP\RedirectResponse->route(false)
#2 C:\xampp\htdocs\ToDoListSystem-CodeIgniter4\app\Libraries\AuthVerify.php(48): redirect('http://local.to...')
#3 C:\xampp\htdocs\ToDoListSystem-CodeIgniter4\app\Libraries\AuthVerify.php(93): App\Libraries\AuthVerify->deslogar()
#4 C:\xampp\htdocs\ToDoListSystem-CodeIgniter4\app\Controllers\BaseController.php(55): App\Libraries\AuthVerify->verify_login()
#5 C:\xampp\htdocs\ToDoListSystem-CodeIgniter4\system\CodeIgniter.php(810): App\Controllers\BaseController->initController(Object(CodeIgniter\HTTP\IncomingRequest), Object(CodeIgniter\HTTP\Response), Object(CodeIgniter\Log\Logger))
#6 C:\xampp\htdocs\ToDoListSystem-CodeIgniter4\system\CodeIgniter.php(410): CodeIgniter\CodeIgniter->createController()
#7 C:\xampp\htdocs\ToDoListSystem-CodeIgniter4\system\CodeIgniter.php(326): CodeIgniter\CodeIgniter->handleRequest(NULL, Object(Config\Cache), false)
#8 C:\xampp\htdocs\ToDoListSystem-CodeIgniter4\public\index.php(37): CodeIgniter\CodeIgniter->run()
#9 {main}
CRITICAL - 2022-08-24 20:13:22 --> session_destroy(): Trying to destroy uninitialized session
#0 [internal function]: CodeIgniter\Debug\Exceptions->errorHandler(2, 'session_destroy...', 'C:\\xampp\\htdocs...', 423)
#1 C:\xampp\htdocs\ToDoListSystem-CodeIgniter4\system\Session\Session.php(423): session_destroy()
#2 C:\xampp\htdocs\ToDoListSystem-CodeIgniter4\app\Libraries\AuthVerify.php(45): CodeIgniter\Session\Session->destroy()
#3 C:\xampp\htdocs\ToDoListSystem-CodeIgniter4\app\Libraries\AuthVerify.php(90): App\Libraries\AuthVerify->deslogar()
#4 C:\xampp\htdocs\ToDoListSystem-CodeIgniter4\app\Controllers\BaseController.php(55): App\Libraries\AuthVerify->verify_login()
#5 C:\xampp\htdocs\ToDoListSystem-CodeIgniter4\system\CodeIgniter.php(810): App\Controllers\BaseController->initController(Object(CodeIgniter\HTTP\IncomingRequest), Object(CodeIgniter\HTTP\Response), Object(CodeIgniter\Log\Logger))
#6 C:\xampp\htdocs\ToDoListSystem-CodeIgniter4\system\CodeIgniter.php(410): CodeIgniter\CodeIgniter->createController()
#7 C:\xampp\htdocs\ToDoListSystem-CodeIgniter4\system\CodeIgniter.php(326): CodeIgniter\CodeIgniter->handleRequest(NULL, Object(Config\Cache), false)
#8 C:\xampp\htdocs\ToDoListSystem-CodeIgniter4\public\index.php(37): CodeIgniter\CodeIgniter->run()
#9 {main}
CRITICAL - 2022-08-24 20:17:12 -->  route cannot be found while reverse-routing.
#0 C:\xampp\htdocs\ToDoListSystem-CodeIgniter4\system\HTTP\RedirectResponse.php(56): CodeIgniter\HTTP\Exceptions\HTTPException::forInvalidRedirectRoute('')
#1 C:\xampp\htdocs\ToDoListSystem-CodeIgniter4\system\Common.php(832): CodeIgniter\HTTP\RedirectResponse->route(false)
#2 C:\xampp\htdocs\ToDoListSystem-CodeIgniter4\app\Controllers\Login.php(33): redirect('user')
#3 C:\xampp\htdocs\ToDoListSystem-CodeIgniter4\system\CodeIgniter.php(832): App\Controllers\Login->auth()
#4 C:\xampp\htdocs\ToDoListSystem-CodeIgniter4\system\CodeIgniter.php(419): CodeIgniter\CodeIgniter->runController(Object(App\Controllers\Login))
#5 C:\xampp\htdocs\ToDoListSystem-CodeIgniter4\system\CodeIgniter.php(326): CodeIgniter\CodeIgniter->handleRequest(NULL, Object(Config\Cache), false)
#6 C:\xampp\htdocs\ToDoListSystem-CodeIgniter4\public\index.php(37): CodeIgniter\CodeIgniter->run()
#7 {main}
CRITICAL - 2022-08-24 20:17:24 -->  route cannot be found while reverse-routing.
#0 C:\xampp\htdocs\ToDoListSystem-CodeIgniter4\system\HTTP\RedirectResponse.php(56): CodeIgniter\HTTP\Exceptions\HTTPException::forInvalidRedirectRoute('')
#1 C:\xampp\htdocs\ToDoListSystem-CodeIgniter4\system\Common.php(832): CodeIgniter\HTTP\RedirectResponse->route(false)
#2 C:\xampp\htdocs\ToDoListSystem-CodeIgniter4\app\Controllers\Login.php(33): redirect('/user')
#3 C:\xampp\htdocs\ToDoListSystem-CodeIgniter4\system\CodeIgniter.php(832): App\Controllers\Login->auth()
#4 C:\xampp\htdocs\ToDoListSystem-CodeIgniter4\system\CodeIgniter.php(419): CodeIgniter\CodeIgniter->runController(Object(App\Controllers\Login))
#5 C:\xampp\htdocs\ToDoListSystem-CodeIgniter4\system\CodeIgniter.php(326): CodeIgniter\CodeIgniter->handleRequest(NULL, Object(Config\Cache), false)
#6 C:\xampp\htdocs\ToDoListSystem-CodeIgniter4\public\index.php(37): CodeIgniter\CodeIgniter->run()
#7 {main}
