ERROR - 2022-04-21 13:06:31 --> Incorrect table definition; there can be only one auto column and it must be defined as a key
ERROR - 2022-04-21 13:08:08 --> Incorrect table definition; there can be only one auto column and it must be defined as a key
CRITICAL - 2022-04-21 14:37:40 --> Class "App\Models\User\UserModel" not found
#0 C:\xampp\htdocs\todolist\system\CodeIgniter.php(809): App\Controllers\User->__construct()
#1 C:\xampp\htdocs\todolist\system\CodeIgniter.php(410): CodeIgniter\CodeIgniter->createController()
#2 C:\xampp\htdocs\todolist\system\CodeIgniter.php(326): CodeIgniter\CodeIgniter->handleRequest(NULL, Object(Config\Cache), false)
#3 C:\xampp\htdocs\todolist\public\index.php(37): CodeIgniter\CodeIgniter->run()
#4 {main}
CRITICAL - 2022-04-21 14:39:44 --> Undefined variable $user_model
#0 C:\xampp\htdocs\todolist\app\Controllers\User.php(28): CodeIgniter\Debug\Exceptions->errorHandler(2, 'Undefined varia...', 'C:\\xampp\\htdocs...', 28)
#1 C:\xampp\htdocs\todolist\system\CodeIgniter.php(832): App\Controllers\User->new_user()
#2 C:\xampp\htdocs\todolist\system\CodeIgniter.php(419): CodeIgniter\CodeIgniter->runController(Object(App\Controllers\User))
#3 C:\xampp\htdocs\todolist\system\CodeIgniter.php(326): CodeIgniter\CodeIgniter->handleRequest(NULL, Object(Config\Cache), false)
#4 C:\xampp\htdocs\todolist\public\index.php(37): CodeIgniter\CodeIgniter->run()
#5 {main}
CRITICAL - 2022-04-21 14:43:10 --> Undefined variable $user_model
#0 C:\xampp\htdocs\todolist\app\Controllers\User.php(28): CodeIgniter\Debug\Exceptions->errorHandler(2, 'Undefined varia...', 'C:\\xampp\\htdocs...', 28)
#1 C:\xampp\htdocs\todolist\system\CodeIgniter.php(832): App\Controllers\User->new_user()
#2 C:\xampp\htdocs\todolist\system\CodeIgniter.php(419): CodeIgniter\CodeIgniter->runController(Object(App\Controllers\User))
#3 C:\xampp\htdocs\todolist\system\CodeIgniter.php(326): CodeIgniter\CodeIgniter->handleRequest(NULL, Object(Config\Cache), false)
#4 C:\xampp\htdocs\todolist\public\index.php(37): CodeIgniter\CodeIgniter->run()
#5 {main}
CRITICAL - 2022-04-21 14:43:11 --> Undefined variable $user_model
#0 C:\xampp\htdocs\todolist\app\Controllers\User.php(28): CodeIgniter\Debug\Exceptions->errorHandler(2, 'Undefined varia...', 'C:\\xampp\\htdocs...', 28)
#1 C:\xampp\htdocs\todolist\system\CodeIgniter.php(832): App\Controllers\User->new_user()
#2 C:\xampp\htdocs\todolist\system\CodeIgniter.php(419): CodeIgniter\CodeIgniter->runController(Object(App\Controllers\User))
#3 C:\xampp\htdocs\todolist\system\CodeIgniter.php(326): CodeIgniter\CodeIgniter->handleRequest(NULL, Object(Config\Cache), false)
#4 C:\xampp\htdocs\todolist\public\index.php(37): CodeIgniter\CodeIgniter->run()
#5 {main}
CRITICAL - 2022-04-21 14:43:20 --> Undefined variable $user_model
#0 C:\xampp\htdocs\todolist\app\Controllers\User.php(28): CodeIgniter\Debug\Exceptions->errorHandler(2, 'Undefined varia...', 'C:\\xampp\\htdocs...', 28)
#1 C:\xampp\htdocs\todolist\system\CodeIgniter.php(832): App\Controllers\User->new_user()
#2 C:\xampp\htdocs\todolist\system\CodeIgniter.php(419): CodeIgniter\CodeIgniter->runController(Object(App\Controllers\User))
#3 C:\xampp\htdocs\todolist\system\CodeIgniter.php(326): CodeIgniter\CodeIgniter->handleRequest(NULL, Object(Config\Cache), false)
#4 C:\xampp\htdocs\todolist\public\index.php(37): CodeIgniter\CodeIgniter->run()
#5 {main}
CRITICAL - 2022-04-21 14:43:31 --> Undefined variable $user_model
#0 C:\xampp\htdocs\todolist\app\Controllers\User.php(28): CodeIgniter\Debug\Exceptions->errorHandler(2, 'Undefined varia...', 'C:\\xampp\\htdocs...', 28)
#1 C:\xampp\htdocs\todolist\system\CodeIgniter.php(832): App\Controllers\User->new_user()
#2 C:\xampp\htdocs\todolist\system\CodeIgniter.php(419): CodeIgniter\CodeIgniter->runController(Object(App\Controllers\User))
#3 C:\xampp\htdocs\todolist\system\CodeIgniter.php(326): CodeIgniter\CodeIgniter->handleRequest(NULL, Object(Config\Cache), false)
#4 C:\xampp\htdocs\todolist\public\index.php(37): CodeIgniter\CodeIgniter->run()
#5 {main}
CRITICAL - 2022-04-21 16:51:45 --> Undefined variable $users
#0 C:\xampp\htdocs\todolist\app\Views\user\index.php(2): CodeIgniter\Debug\Exceptions->errorHandler(2, 'Undefined varia...', 'C:\\xampp\\htdocs...', 2)
#1 C:\xampp\htdocs\todolist\system\View\View.php(210): include('C:\\xampp\\htdocs...')
#2 C:\xampp\htdocs\todolist\system\View\View.php(213): CodeIgniter\View\View->CodeIgniter\View\{closure}()
#3 C:\xampp\htdocs\todolist\system\Common.php(1089): CodeIgniter\View\View->render('user/index', Array, true)
#4 C:\xampp\htdocs\todolist\app\Controllers\User.php(19): view('user/index')
#5 C:\xampp\htdocs\todolist\system\CodeIgniter.php(832): App\Controllers\User->index()
#6 C:\xampp\htdocs\todolist\system\CodeIgniter.php(419): CodeIgniter\CodeIgniter->runController(Object(App\Controllers\User))
#7 C:\xampp\htdocs\todolist\system\CodeIgniter.php(326): CodeIgniter\CodeIgniter->handleRequest(NULL, Object(Config\Cache), false)
#8 C:\xampp\htdocs\todolist\public\index.php(37): CodeIgniter\CodeIgniter->run()
#9 {main}
CRITICAL - 2022-04-21 16:52:03 --> Undefined variable $users
#0 C:\xampp\htdocs\todolist\app\Views\user\index.php(2): CodeIgniter\Debug\Exceptions->errorHandler(2, 'Undefined varia...', 'C:\\xampp\\htdocs...', 2)
#1 C:\xampp\htdocs\todolist\system\View\View.php(210): include('C:\\xampp\\htdocs...')
#2 C:\xampp\htdocs\todolist\system\View\View.php(213): CodeIgniter\View\View->CodeIgniter\View\{closure}()
#3 C:\xampp\htdocs\todolist\system\Common.php(1089): CodeIgniter\View\View->render('user/index', Array, true)
#4 C:\xampp\htdocs\todolist\app\Controllers\User.php(19): view('user/index')
#5 C:\xampp\htdocs\todolist\system\CodeIgniter.php(832): App\Controllers\User->index()
#6 C:\xampp\htdocs\todolist\system\CodeIgniter.php(419): CodeIgniter\CodeIgniter->runController(Object(App\Controllers\User))
#7 C:\xampp\htdocs\todolist\system\CodeIgniter.php(326): CodeIgniter\CodeIgniter->handleRequest(NULL, Object(Config\Cache), false)
#8 C:\xampp\htdocs\todolist\public\index.php(37): CodeIgniter\CodeIgniter->run()
#9 {main}
CRITICAL - 2022-04-21 16:52:03 --> Undefined variable $users
#0 C:\xampp\htdocs\todolist\app\Views\user\index.php(2): CodeIgniter\Debug\Exceptions->errorHandler(2, 'Undefined varia...', 'C:\\xampp\\htdocs...', 2)
#1 C:\xampp\htdocs\todolist\system\View\View.php(210): include('C:\\xampp\\htdocs...')
#2 C:\xampp\htdocs\todolist\system\View\View.php(213): CodeIgniter\View\View->CodeIgniter\View\{closure}()
#3 C:\xampp\htdocs\todolist\system\Common.php(1089): CodeIgniter\View\View->render('user/index', Array, true)
#4 C:\xampp\htdocs\todolist\app\Controllers\User.php(19): view('user/index')
#5 C:\xampp\htdocs\todolist\system\CodeIgniter.php(832): App\Controllers\User->index()
#6 C:\xampp\htdocs\todolist\system\CodeIgniter.php(419): CodeIgniter\CodeIgniter->runController(Object(App\Controllers\User))
#7 C:\xampp\htdocs\todolist\system\CodeIgniter.php(326): CodeIgniter\CodeIgniter->handleRequest(NULL, Object(Config\Cache), false)
#8 C:\xampp\htdocs\todolist\public\index.php(37): CodeIgniter\CodeIgniter->run()
#9 {main}
