ERROR - 2022-08-20 08:13:08 --> Duplicate entry 'alefgomes@transpedrosa.com.br' for key 'email'
CRITICAL - 2022-08-20 08:13:08 --> Duplicate entry 'alefgomes@transpedrosa.com.br' for key 'email'
#0 C:\xampp\htdocs\todolist\system\Database\MySQLi\Connection.php(292): mysqli->query('INSERT INTO `us...', 0)
#1 C:\xampp\htdocs\todolist\system\Database\BaseConnection.php(670): CodeIgniter\Database\MySQLi\Connection->execute('INSERT INTO `us...')
#2 C:\xampp\htdocs\todolist\system\Database\BaseConnection.php(598): CodeIgniter\Database\BaseConnection->simpleQuery('INSERT INTO `us...')
#3 C:\xampp\htdocs\todolist\system\Database\BaseBuilder.php(1771): CodeIgniter\Database\BaseConnection->query('INSERT INTO `us...', Array, false)
#4 C:\xampp\htdocs\todolist\system\Model.php(239): CodeIgniter\Database\BaseBuilder->insert()
#5 C:\xampp\htdocs\todolist\system\BaseModel.php(738): CodeIgniter\Model->doInsert(Array)
#6 C:\xampp\htdocs\todolist\system\Model.php(625): CodeIgniter\BaseModel->insert(Array, true)
#7 C:\xampp\htdocs\todolist\app\Models\User\UserModel.php(42): CodeIgniter\Model->insert()
#8 C:\xampp\htdocs\todolist\app\Controllers\User.php(63): App\Models\User\UserModel->set_user(Array)
#9 C:\xampp\htdocs\todolist\system\CodeIgniter.php(832): App\Controllers\User->insert_user()
#10 C:\xampp\htdocs\todolist\system\CodeIgniter.php(419): CodeIgniter\CodeIgniter->runController(Object(App\Controllers\User))
#11 C:\xampp\htdocs\todolist\system\CodeIgniter.php(326): CodeIgniter\CodeIgniter->handleRequest(NULL, Object(Config\Cache), false)
#12 C:\xampp\htdocs\todolist\public\index.php(37): CodeIgniter\CodeIgniter->run()
#13 {main}
CRITICAL - 2022-08-20 08:13:19 --> Undefined array key "id_user"
#0 C:\xampp\htdocs\todolist\app\Models\User\UserModel.php(42): CodeIgniter\Debug\Exceptions->errorHandler(2, 'Undefined array...', 'C:\\xampp\\htdocs...', 42)
#1 C:\xampp\htdocs\todolist\app\Controllers\User.php(63): App\Models\User\UserModel->set_user(Array)
#2 C:\xampp\htdocs\todolist\system\CodeIgniter.php(832): App\Controllers\User->insert_user()
#3 C:\xampp\htdocs\todolist\system\CodeIgniter.php(419): CodeIgniter\CodeIgniter->runController(Object(App\Controllers\User))
#4 C:\xampp\htdocs\todolist\system\CodeIgniter.php(326): CodeIgniter\CodeIgniter->handleRequest(NULL, Object(Config\Cache), false)
#5 C:\xampp\htdocs\todolist\public\index.php(37): CodeIgniter\CodeIgniter->run()
#6 {main}
ERROR - 2022-08-20 08:44:17 --> Can't create table `todolist`.`users` (errno: 150 "Foreign key constraint is incorrectly formed")
ERROR - 2022-08-20 09:37:29 --> Unknown column 'name_permiss' in 'field list'
ERROR - 2022-08-20 09:59:00 --> Unknown column 'deleted_a' in 'field list'
CRITICAL - 2022-08-20 09:59:00 --> Unknown column 'deleted_a' in 'field list'
#0 C:\xampp\htdocs\todolist\system\Database\MySQLi\Connection.php(292): mysqli->query('SELECT `id_user...', 0)
#1 C:\xampp\htdocs\todolist\system\Database\BaseConnection.php(670): CodeIgniter\Database\MySQLi\Connection->execute('SELECT `id_user...')
#2 C:\xampp\htdocs\todolist\system\Database\BaseConnection.php(598): CodeIgniter\Database\BaseConnection->simpleQuery('SELECT `id_user...')
#3 C:\xampp\htdocs\todolist\system\Database\BaseBuilder.php(1455): CodeIgniter\Database\BaseConnection->query('SELECT `id_user...', Array, false)
#4 C:\xampp\htdocs\todolist\system\Model.php(183): CodeIgniter\Database\BaseBuilder->get()
#5 C:\xampp\htdocs\todolist\system\BaseModel.php(584): CodeIgniter\Model->doFindAll(0, 0)
#6 C:\xampp\htdocs\todolist\app\Models\User\UserModel.php(39): CodeIgniter\BaseModel->findAll()
#7 C:\xampp\htdocs\todolist\app\Controllers\User.php(18): App\Models\User\UserModel->get_all()
#8 C:\xampp\htdocs\todolist\system\CodeIgniter.php(832): App\Controllers\User->index()
#9 C:\xampp\htdocs\todolist\system\CodeIgniter.php(419): CodeIgniter\CodeIgniter->runController(Object(App\Controllers\User))
#10 C:\xampp\htdocs\todolist\system\CodeIgniter.php(326): CodeIgniter\CodeIgniter->handleRequest(NULL, Object(Config\Cache), false)
#11 C:\xampp\htdocs\todolist\public\index.php(37): CodeIgniter\CodeIgniter->run()
#12 {main}
ERROR - 2022-08-20 09:59:15 --> Unknown column 'deleted_a' in 'field list'
CRITICAL - 2022-08-20 09:59:15 --> Unknown column 'deleted_a' in 'field list'
#0 C:\xampp\htdocs\todolist\system\Database\MySQLi\Connection.php(292): mysqli->query('SELECT `id_user...', 0)
#1 C:\xampp\htdocs\todolist\system\Database\BaseConnection.php(670): CodeIgniter\Database\MySQLi\Connection->execute('SELECT `id_user...')
#2 C:\xampp\htdocs\todolist\system\Database\BaseConnection.php(598): CodeIgniter\Database\BaseConnection->simpleQuery('SELECT `id_user...')
#3 C:\xampp\htdocs\todolist\system\Database\BaseBuilder.php(1455): CodeIgniter\Database\BaseConnection->query('SELECT `id_user...', Array, false)
#4 C:\xampp\htdocs\todolist\system\Model.php(183): CodeIgniter\Database\BaseBuilder->get()
#5 C:\xampp\htdocs\todolist\system\BaseModel.php(584): CodeIgniter\Model->doFindAll(0, 0)
#6 C:\xampp\htdocs\todolist\app\Models\User\UserModel.php(39): CodeIgniter\BaseModel->findAll()
#7 C:\xampp\htdocs\todolist\app\Controllers\User.php(18): App\Models\User\UserModel->get_all()
#8 C:\xampp\htdocs\todolist\system\CodeIgniter.php(832): App\Controllers\User->index()
#9 C:\xampp\htdocs\todolist\system\CodeIgniter.php(419): CodeIgniter\CodeIgniter->runController(Object(App\Controllers\User))
#10 C:\xampp\htdocs\todolist\system\CodeIgniter.php(326): CodeIgniter\CodeIgniter->handleRequest(NULL, Object(Config\Cache), false)
#11 C:\xampp\htdocs\todolist\public\index.php(37): CodeIgniter\CodeIgniter->run()
#12 {main}
CRITICAL - 2022-08-20 11:16:04 --> Undefined variable $type_page
#0 C:\xampp\htdocs\todolist\app\Views\user\data_user.php(3): CodeIgniter\Debug\Exceptions->errorHandler(2, 'Undefined varia...', 'C:\\xampp\\htdocs...', 3)
#1 C:\xampp\htdocs\todolist\system\View\View.php(210): include('C:\\xampp\\htdocs...')
#2 C:\xampp\htdocs\todolist\system\View\View.php(213): CodeIgniter\View\View->CodeIgniter\View\{closure}()
#3 C:\xampp\htdocs\todolist\system\Common.php(1089): CodeIgniter\View\View->render('user/data_user', Array, true)
#4 C:\xampp\htdocs\todolist\app\Controllers\User.php(49): view('user/data_user')
#5 C:\xampp\htdocs\todolist\system\CodeIgniter.php(832): App\Controllers\User->create()
#6 C:\xampp\htdocs\todolist\system\CodeIgniter.php(419): CodeIgniter\CodeIgniter->runController(Object(App\Controllers\User))
#7 C:\xampp\htdocs\todolist\system\CodeIgniter.php(326): CodeIgniter\CodeIgniter->handleRequest(NULL, Object(Config\Cache), false)
#8 C:\xampp\htdocs\todolist\public\index.php(37): CodeIgniter\CodeIgniter->run()
#9 {main}
CRITICAL - 2022-08-20 12:23:59 --> Class "App\Libraries\UserModel" not found
#0 C:\xampp\htdocs\todolist\system\Autoloader\Autoloader.php(264): include_once()
#1 C:\xampp\htdocs\todolist\system\Autoloader\Autoloader.php(241): CodeIgniter\Autoloader\Autoloader->includeFile('C:\\xampp\\htdocs...')
#2 C:\xampp\htdocs\todolist\system\Autoloader\Autoloader.php(219): CodeIgniter\Autoloader\Autoloader->loadInNamespace('App\\Libraries\\A...')
#3 C:\xampp\htdocs\todolist\app\Controllers\BaseController.php(52): CodeIgniter\Autoloader\Autoloader->loadClass('App\\Libraries\\A...')
#4 C:\xampp\htdocs\todolist\system\CodeIgniter.php(810): App\Controllers\BaseController->initController(Object(CodeIgniter\HTTP\IncomingRequest), Object(CodeIgniter\HTTP\Response), Object(CodeIgniter\Log\Logger))
#5 C:\xampp\htdocs\todolist\system\CodeIgniter.php(410): CodeIgniter\CodeIgniter->createController()
#6 C:\xampp\htdocs\todolist\system\CodeIgniter.php(326): CodeIgniter\CodeIgniter->handleRequest(NULL, Object(Config\Cache), false)
#7 C:\xampp\htdocs\todolist\public\index.php(37): CodeIgniter\CodeIgniter->run()
#8 {main}
CRITICAL - 2022-08-20 12:24:10 --> Class "App\Libraries\UserModel" not found
#0 C:\xampp\htdocs\todolist\system\Autoloader\Autoloader.php(264): include_once()
#1 C:\xampp\htdocs\todolist\system\Autoloader\Autoloader.php(241): CodeIgniter\Autoloader\Autoloader->includeFile('C:\\xampp\\htdocs...')
#2 C:\xampp\htdocs\todolist\system\Autoloader\Autoloader.php(219): CodeIgniter\Autoloader\Autoloader->loadInNamespace('App\\Libraries\\A...')
#3 C:\xampp\htdocs\todolist\app\Controllers\BaseController.php(52): CodeIgniter\Autoloader\Autoloader->loadClass('App\\Libraries\\A...')
#4 C:\xampp\htdocs\todolist\system\CodeIgniter.php(810): App\Controllers\BaseController->initController(Object(CodeIgniter\HTTP\IncomingRequest), Object(CodeIgniter\HTTP\Response), Object(CodeIgniter\Log\Logger))
#5 C:\xampp\htdocs\todolist\system\CodeIgniter.php(410): CodeIgniter\CodeIgniter->createController()
#6 C:\xampp\htdocs\todolist\system\CodeIgniter.php(326): CodeIgniter\CodeIgniter->handleRequest(NULL, Object(Config\Cache), false)
#7 C:\xampp\htdocs\todolist\public\index.php(37): CodeIgniter\CodeIgniter->run()
#8 {main}
CRITICAL - 2022-08-20 12:24:26 --> Class "App\Controllers\UserModel" not found
#0 C:\xampp\htdocs\todolist\system\CodeIgniter.php(809): App\Controllers\Login->__construct()
#1 C:\xampp\htdocs\todolist\system\CodeIgniter.php(410): CodeIgniter\CodeIgniter->createController()
#2 C:\xampp\htdocs\todolist\system\CodeIgniter.php(326): CodeIgniter\CodeIgniter->handleRequest(NULL, Object(Config\Cache), false)
#3 C:\xampp\htdocs\todolist\public\index.php(37): CodeIgniter\CodeIgniter->run()
#4 {main}
CRITICAL - 2022-08-20 12:24:39 --> session_destroy(): Trying to destroy uninitialized session
#0 [internal function]: CodeIgniter\Debug\Exceptions->errorHandler(2, 'session_destroy...', 'C:\\xampp\\htdocs...', 423)
#1 C:\xampp\htdocs\todolist\system\Session\Session.php(423): session_destroy()
#2 C:\xampp\htdocs\todolist\app\Controllers\Login.php(20): CodeIgniter\Session\Session->destroy()
#3 C:\xampp\htdocs\todolist\system\CodeIgniter.php(832): App\Controllers\Login->index()
#4 C:\xampp\htdocs\todolist\system\CodeIgniter.php(419): CodeIgniter\CodeIgniter->runController(Object(App\Controllers\Login))
#5 C:\xampp\htdocs\todolist\system\CodeIgniter.php(326): CodeIgniter\CodeIgniter->handleRequest(NULL, Object(Config\Cache), false)
#6 C:\xampp\htdocs\todolist\public\index.php(37): CodeIgniter\CodeIgniter->run()
#7 {main}
CRITICAL - 2022-08-20 12:30:53 --> Undefined variable $request
#0 C:\xampp\htdocs\todolist\app\Libraries\AuthVerify.php(93): CodeIgniter\Debug\Exceptions->errorHandler(2, 'Undefined varia...', 'C:\\xampp\\htdocs...', 93)
#1 C:\xampp\htdocs\todolist\app\Controllers\BaseController.php(53): App\Libraries\AuthVerify->verify_login()
#2 C:\xampp\htdocs\todolist\system\CodeIgniter.php(810): App\Controllers\BaseController->initController(Object(CodeIgniter\HTTP\IncomingRequest), Object(CodeIgniter\HTTP\Response), Object(CodeIgniter\Log\Logger))
#3 C:\xampp\htdocs\todolist\system\CodeIgniter.php(410): CodeIgniter\CodeIgniter->createController()
#4 C:\xampp\htdocs\todolist\system\CodeIgniter.php(326): CodeIgniter\CodeIgniter->handleRequest(NULL, Object(Config\Cache), false)
#5 C:\xampp\htdocs\todolist\public\index.php(37): CodeIgniter\CodeIgniter->run()
#6 {main}
CRITICAL - 2022-08-20 12:32:55 --> Undefined variable $data
#0 C:\xampp\htdocs\todolist\app\Controllers\Login.php(23): CodeIgniter\Debug\Exceptions->errorHandler(2, 'Undefined varia...', 'C:\\xampp\\htdocs...', 23)
#1 C:\xampp\htdocs\todolist\system\CodeIgniter.php(832): App\Controllers\Login->index()
#2 C:\xampp\htdocs\todolist\system\CodeIgniter.php(419): CodeIgniter\CodeIgniter->runController(Object(App\Controllers\Login))
#3 C:\xampp\htdocs\todolist\system\CodeIgniter.php(326): CodeIgniter\CodeIgniter->handleRequest(NULL, Object(Config\Cache), false)
#4 C:\xampp\htdocs\todolist\public\index.php(37): CodeIgniter\CodeIgniter->run()
#5 {main}
CRITICAL - 2022-08-20 12:32:58 --> Undefined variable $data
#0 C:\xampp\htdocs\todolist\app\Controllers\Login.php(23): CodeIgniter\Debug\Exceptions->errorHandler(2, 'Undefined varia...', 'C:\\xampp\\htdocs...', 23)
#1 C:\xampp\htdocs\todolist\system\CodeIgniter.php(832): App\Controllers\Login->index()
#2 C:\xampp\htdocs\todolist\system\CodeIgniter.php(419): CodeIgniter\CodeIgniter->runController(Object(App\Controllers\Login))
#3 C:\xampp\htdocs\todolist\system\CodeIgniter.php(326): CodeIgniter\CodeIgniter->handleRequest(NULL, Object(Config\Cache), false)
#4 C:\xampp\htdocs\todolist\public\index.php(37): CodeIgniter\CodeIgniter->run()
#5 {main}
CRITICAL - 2022-08-20 12:33:59 --> Undefined variable $data
#0 C:\xampp\htdocs\todolist\app\Controllers\Login.php(23): CodeIgniter\Debug\Exceptions->errorHandler(2, 'Undefined varia...', 'C:\\xampp\\htdocs...', 23)
#1 C:\xampp\htdocs\todolist\system\CodeIgniter.php(832): App\Controllers\Login->index()
#2 C:\xampp\htdocs\todolist\system\CodeIgniter.php(419): CodeIgniter\CodeIgniter->runController(Object(App\Controllers\Login))
#3 C:\xampp\htdocs\todolist\system\CodeIgniter.php(326): CodeIgniter\CodeIgniter->handleRequest(NULL, Object(Config\Cache), false)
#4 C:\xampp\htdocs\todolist\public\index.php(37): CodeIgniter\CodeIgniter->run()
#5 {main}
CRITICAL - 2022-08-20 12:34:50 --> Undefined variable $session
#0 C:\xampp\htdocs\todolist\app\Controllers\Login.php(18): CodeIgniter\Debug\Exceptions->errorHandler(2, 'Undefined varia...', 'C:\\xampp\\htdocs...', 18)
#1 C:\xampp\htdocs\todolist\system\CodeIgniter.php(832): App\Controllers\Login->index()
#2 C:\xampp\htdocs\todolist\system\CodeIgniter.php(419): CodeIgniter\CodeIgniter->runController(Object(App\Controllers\Login))
#3 C:\xampp\htdocs\todolist\system\CodeIgniter.php(326): CodeIgniter\CodeIgniter->handleRequest(NULL, Object(Config\Cache), false)
#4 C:\xampp\htdocs\todolist\public\index.php(37): CodeIgniter\CodeIgniter->run()
#5 {main}
CRITICAL - 2022-08-20 12:47:52 -->  route cannot be found while reverse-routing.
#0 C:\xampp\htdocs\todolist\system\HTTP\RedirectResponse.php(56): CodeIgniter\HTTP\Exceptions\HTTPException::forInvalidRedirectRoute('')
#1 C:\xampp\htdocs\todolist\system\Common.php(832): CodeIgniter\HTTP\RedirectResponse->route(false)
#2 C:\xampp\htdocs\todolist\app\Libraries\AuthVerify.php(54): redirect('/login', 'refresh')
#3 C:\xampp\htdocs\todolist\app\Libraries\AuthVerify.php(95): App\Libraries\AuthVerify->deslogar()
#4 C:\xampp\htdocs\todolist\app\Controllers\BaseController.php(55): App\Libraries\AuthVerify->verify_login()
#5 C:\xampp\htdocs\todolist\system\CodeIgniter.php(810): App\Controllers\BaseController->initController(Object(CodeIgniter\HTTP\IncomingRequest), Object(CodeIgniter\HTTP\Response), Object(CodeIgniter\Log\Logger))
#6 C:\xampp\htdocs\todolist\system\CodeIgniter.php(410): CodeIgniter\CodeIgniter->createController()
#7 C:\xampp\htdocs\todolist\system\CodeIgniter.php(326): CodeIgniter\CodeIgniter->handleRequest(NULL, Object(Config\Cache), false)
#8 C:\xampp\htdocs\todolist\public\index.php(37): CodeIgniter\CodeIgniter->run()
#9 {main}
